<?xml version="1.0" encoding="UTF-8"?>
<testsuite name="com.example.easywheelz.controller.LogInControllerTest" tests="1" skipped="0" failures="0" errors="0" timestamp="2023-05-08T19:10:14" hostname="MARIOS_PC" time="0.48">
  <properties/>
  <testcase name="LoginIncorrectUser()" classname="com.example.easywheelz.controller.LogInControllerTest" time="0.48"/>
  <system-out><![CDATA[]]></system-out>
  <system-err><![CDATA[]]></system-err>
</testsuite>
