<?xml version="1.0" encoding="UTF-8"?>
<testsuite name="com.example.easywheelz.buisness.impl.car.FilterCarUseCaseImplTest" tests="2" skipped="0" failures="0" errors="0" timestamp="2023-06-13T11:49:06" hostname="DESKTOP-41OPBTP" time="0.012">
  <properties/>
  <testcase name="filterCarsTest()" classname="com.example.easywheelz.buisness.impl.car.FilterCarUseCaseImplTest" time="0.009"/>
  <testcase name="filterCarsTestBrand()" classname="com.example.easywheelz.buisness.impl.car.FilterCarUseCaseImplTest" time="0.002"/>
  <system-out><![CDATA[]]></system-out>
  <system-err><![CDATA[]]></system-err>
</testsuite>
