<?xml version="1.0" encoding="UTF-8"?>
<testsuite name="com.example.easywheelz.controller.RoleControllerTest" tests="2" skipped="0" failures="0" errors="0" timestamp="2023-04-18T16:22:23" hostname="MARIOS_PC" time="0.468">
  <properties/>
  <testcase name="createRoleTest()" classname="com.example.easywheelz.controller.RoleControllerTest" time="0.463"/>
  <testcase name="createReservationTestWrongData()" classname="com.example.easywheelz.controller.RoleControllerTest" time="0.004"/>
  <system-out><![CDATA[]]></system-out>
  <system-err><![CDATA[]]></system-err>
</testsuite>
