<?xml version="1.0" encoding="UTF-8"?>
<testsuite name="com.example.easywheelz.controller.CarControllerTest" tests="1" skipped="0" failures="0" errors="0" timestamp="2023-04-18T13:01:02" hostname="MARIOS_PC" time="0.52">
  <properties/>
  <testcase name="createCarTest()" classname="com.example.easywheelz.controller.CarControllerTest" time="0.52"/>
  <system-out><![CDATA[]]></system-out>
  <system-err><![CDATA[]]></system-err>
</testsuite>
