<?xml version="1.0" encoding="UTF-8"?>
<testsuite name="com.example.easywheelz.buisness.impl.car.GetAllCarBrandsUseCaseImplTest" tests="2" skipped="0" failures="0" errors="0" timestamp="2023-06-14T13:41:01" hostname="DESKTOP-41OPBTP" time="0.003">
  <properties/>
  <testcase name="testAllBrands()" classname="com.example.easywheelz.buisness.impl.car.GetAllCarBrandsUseCaseImplTest" time="0.001"/>
  <testcase name="testAllBrandsNoCars()" classname="com.example.easywheelz.buisness.impl.car.GetAllCarBrandsUseCaseImplTest" time="0.001"/>
  <system-out><![CDATA[]]></system-out>
  <system-err><![CDATA[]]></system-err>
</testsuite>
