<?xml version="1.0" encoding="UTF-8"?>
<testsuite name="com.example.easywheelz.buisness.impl.reservation.UpdateReservationUseCaseImplTest" tests="2" skipped="0" failures="0" errors="0" timestamp="2023-06-14T12:49:40" hostname="DESKTOP-41OPBTP" time="0.006">
  <properties/>
  <testcase name="UpdateCarTest()" classname="com.example.easywheelz.buisness.impl.reservation.UpdateReservationUseCaseImplTest" time="0.004"/>
  <testcase name="UpdateCarTestNotExisting()" classname="com.example.easywheelz.buisness.impl.reservation.UpdateReservationUseCaseImplTest" time="0.002"/>
  <system-out><![CDATA[]]></system-out>
  <system-err><![CDATA[]]></system-err>
</testsuite>
