<?xml version="1.0" encoding="UTF-8"?>
<testsuite name="com.example.easywheelz.buisness.impl.reservation.DeleteReservationUseCaseImplTest" tests="2" skipped="0" failures="0" errors="0" timestamp="2023-06-13T11:49:06" hostname="DESKTOP-41OPBTP" time="0.004">
  <properties/>
  <testcase name="DeleteReservationTest()" classname="com.example.easywheelz.buisness.impl.reservation.DeleteReservationUseCaseImplTest" time="0.001"/>
  <testcase name="DeleteNotExistinReservationTest()" classname="com.example.easywheelz.buisness.impl.reservation.DeleteReservationUseCaseImplTest" time="0.002"/>
  <system-out><![CDATA[]]></system-out>
  <system-err><![CDATA[]]></system-err>
</testsuite>
