<?xml version="1.0" encoding="UTF-8"?>
<testsuite name="com.example.easywheelz.buisness.impl.userImpl.CreateUserUseCaseImplTest" tests="1" skipped="0" failures="0" errors="0" timestamp="2023-03-03T13:09:38" hostname="DESKTOP-41OPBTP" time="0.493">
  <properties/>
  <testcase name="testCreateUserWithNonexistentRole()" classname="com.example.easywheelz.buisness.impl.userImpl.CreateUserUseCaseImplTest" time="0.493"/>
  <system-out><![CDATA[14:09:36.904 [Test worker] DEBUG org.springframework.boot.test.context.SpringBootTestContextBootstrapper - Neither @ContextConfiguration nor @ContextHierarchy found for test class [CreateUserUseCaseImplTest]: using SpringBootContextLoader
14:09:36.911 [Test worker] DEBUG org.springframework.test.context.support.AbstractContextLoader - Could not detect default resource locations for test class [com.example.easywheelz.buisness.impl.userImpl.CreateUserUseCaseImplTest]: no resource found for suffixes {-context.xml, Context.groovy}.
14:09:36.912 [Test worker] INFO org.springframework.test.context.support.AnnotationConfigContextLoaderUtils - Could not detect default configuration classes for test class [com.example.easywheelz.buisness.impl.userImpl.CreateUserUseCaseImplTest]: CreateUserUseCaseImplTest does not declare any static, non-private, non-final, nested classes annotated with @Configuration.
14:09:36.944 [Test worker] DEBUG org.springframework.boot.test.context.SpringBootTestContextBootstrapper - Using ContextCustomizers for test class [CreateUserUseCaseImplTest]: [DisableObservabilityContextCustomizer, PropertyMappingContextCustomizer, Customizer, ExcludeFilterContextCustomizer, DuplicateJsonObjectContextCustomizer, MockitoContextCustomizer, TestRestTemplateContextCustomizer]
14:09:37.036 [Test worker] DEBUG org.springframework.context.annotation.ClassPathScanningCandidateComponentProvider - Identified candidate component class: file [C:\Users\mario\Desktop\ez\easywheels\build\classes\java\main\com\example\easywheelz\EasyWheelzApplication.class]
14:09:37.038 [Test worker] INFO org.springframework.boot.test.context.SpringBootTestContextBootstrapper - Found @SpringBootConfiguration com.example.easywheelz.EasyWheelzApplication for test class com.example.easywheelz.buisness.impl.userImpl.CreateUserUseCaseImplTest
14:09:37.164 [Test worker] DEBUG org.springframework.test.context.util.TestContextSpringFactoriesUtils - Skipping candidate TestExecutionListener [org.springframework.test.context.transaction.TransactionalTestExecutionListener] due to a missing dependency. Specify custom TestExecutionListener classes or make the default TestExecutionListener classes and their required dependencies available. Offending class: [org/springframework/transaction/interceptor/TransactionAttributeSource]
14:09:37.166 [Test worker] DEBUG org.springframework.test.context.util.TestContextSpringFactoriesUtils - Skipping candidate TestExecutionListener [org.springframework.test.context.jdbc.SqlScriptsTestExecutionListener] due to a missing dependency. Specify custom TestExecutionListener classes or make the default TestExecutionListener classes and their required dependencies available. Offending class: [org/springframework/transaction/interceptor/TransactionAttribute]
14:09:37.169 [Test worker] DEBUG org.springframework.boot.test.context.SpringBootTestContextBootstrapper - Using TestExecutionListeners for test class [CreateUserUseCaseImplTest]: [ServletTestExecutionListener, DirtiesContextBeforeModesTestExecutionListener, ApplicationEventsTestExecutionListener, MockitoTestExecutionListener, DependencyInjectionTestExecutionListener, DirtiesContextTestExecutionListener, EventPublishingTestExecutionListener, RestDocsTestExecutionListener, MockRestServiceServerResetTestExecutionListener, MockMvcPrintOnlyOnFailureTestExecutionListener, WebDriverTestExecutionListener, MockWebServiceServerTestExecutionListener, ResetMocksTestExecutionListener]
14:09:37.172 [Test worker] DEBUG org.springframework.test.context.support.AbstractDirtiesContextTestExecutionListener - Before test class: class [CreateUserUseCaseImplTest], class annotated with @DirtiesContext [false] with mode [null]

  .   ____          _            __ _ _
 /\\ / ___'_ __ _ _(_)_ __  __ _ \ \ \ \
( ( )\___ | '_ | '_| | '_ \/ _` | \ \ \ \
 \\/  ___)| |_)| | | | | || (_| |  ) ) ) )
  '  |____| .__|_| |_|_| |_\__, | / / / /
 =========|_|==============|___/=/_/_/_/
 :: Spring Boot ::                (v3.0.3)

2023-03-03T14:09:37.472+01:00  INFO 40472 --- [    Test worker] c.e.e.b.i.u.CreateUserUseCaseImplTest    : Starting CreateUserUseCaseImplTest using Java 17.0.6 with PID 40472 (started by mario in C:\Users\mario\Desktop\ez\easywheels)
2023-03-03T14:09:37.474+01:00  INFO 40472 --- [    Test worker] c.e.e.b.i.u.CreateUserUseCaseImplTest    : No active profile set, falling back to 1 default profile: "default"
2023-03-03T14:09:38.791+01:00  INFO 40472 --- [    Test worker] c.e.e.b.i.u.CreateUserUseCaseImplTest    : Started CreateUserUseCaseImplTest in 1.555 seconds (process running for 2.876)
]]></system-out>
  <system-err><![CDATA[]]></system-err>
</testsuite>
