<?xml version="1.0" encoding="UTF-8"?>
<testsuite name="com.example.easywheelz.controller.ReservationControllerTest" tests="9" skipped="0" failures="0" errors="0" timestamp="2023-05-24T07:24:24" hostname="DESKTOP-41OPBTP" time="1.723">
  <properties/>
  <testcase name="updateReservationWrongCredentialsTest()" classname="com.example.easywheelz.controller.ReservationControllerTest" time="1.585"/>
  <testcase name="GetAllReservationsTest()" classname="com.example.easywheelz.controller.ReservationControllerTest" time="0.076"/>
  <testcase name="GetReservationsTestNotExistingReservation()" classname="com.example.easywheelz.controller.ReservationControllerTest" time="0.004"/>
  <testcase name="deleteReservationTest()" classname="com.example.easywheelz.controller.ReservationControllerTest" time="0.004"/>
  <testcase name="createReservationTest()" classname="com.example.easywheelz.controller.ReservationControllerTest" time="0.015"/>
  <testcase name="updateReservationTest()" classname="com.example.easywheelz.controller.ReservationControllerTest" time="0.019"/>
  <testcase name="GetReservationTest()" classname="com.example.easywheelz.controller.ReservationControllerTest" time="0.003"/>
  <testcase name="GetAllReservationsTestEmpty()" classname="com.example.easywheelz.controller.ReservationControllerTest" time="0.002"/>
  <testcase name="createReservationTestWrongData()" classname="com.example.easywheelz.controller.ReservationControllerTest" time="0.004"/>
  <system-out><![CDATA[]]></system-out>
  <system-err><![CDATA[]]></system-err>
</testsuite>
