<?xml version="1.0" encoding="UTF-8"?>
<testsuite name="com.example.easywheelz.buisness.impl.user.DeleteUserUseCaseImplTest" tests="2" skipped="0" failures="0" errors="0" timestamp="2023-06-14T13:58:08" hostname="DESKTOP-41OPBTP" time="0.005">
  <properties/>
  <testcase name="testDeleteUserByNonExistentId()" classname="com.example.easywheelz.buisness.impl.user.DeleteUserUseCaseImplTest" time="0.003"/>
  <testcase name="testDeleteUserById()" classname="com.example.easywheelz.buisness.impl.user.DeleteUserUseCaseImplTest" time="0.002"/>
  <system-out><![CDATA[]]></system-out>
  <system-err><![CDATA[]]></system-err>
</testsuite>
