<?xml version="1.0" encoding="UTF-8"?>
<testsuite name="com.example.easywheelz.buisness.impl.userImpl.CreateUserUseCaseImplTest" tests="2" skipped="0" failures="0" errors="0" timestamp="2023-03-09T12:54:05" hostname="MARIOS_PC" time="0.009">
  <properties/>
  <testcase name="testCreateUser()" classname="com.example.easywheelz.buisness.impl.userImpl.CreateUserUseCaseImplTest" time="0.006"/>
  <testcase name="testCreateUserWithNonexistentRole()" classname="com.example.easywheelz.buisness.impl.userImpl.CreateUserUseCaseImplTest" time="0.002"/>
  <system-out><![CDATA[2023-03-09T13:54:05.482+01:00  INFO 2008 --- [    Test worker] t.c.s.AnnotationConfigContextLoaderUtils : Could not detect default configuration classes for test class [com.example.easywheelz.buisness.impl.userImpl.CreateUserUseCaseImplTest]: CreateUserUseCaseImplTest does not declare any static, non-private, non-final, nested classes annotated with @Configuration.
2023-03-09T13:54:05.489+01:00  INFO 2008 --- [    Test worker] .b.t.c.SpringBootTestContextBootstrapper : Found @SpringBootConfiguration com.example.easywheelz.EasyWheelzApplication for test class com.example.easywheelz.buisness.impl.userImpl.CreateUserUseCaseImplTest
]]></system-out>
  <system-err><![CDATA[]]></system-err>
</testsuite>
