<?xml version="1.0" encoding="UTF-8"?>
<testsuite name="com.example.easywheelz.buisness.impl.car.UpdateCarUseCaseImplTest" tests="2" skipped="0" failures="0" errors="0" timestamp="2023-06-13T11:49:06" hostname="DESKTOP-41OPBTP" time="0.006">
  <properties/>
  <testcase name="UpdateCarTest()" classname="com.example.easywheelz.buisness.impl.car.UpdateCarUseCaseImplTest" time="0.002"/>
  <testcase name="UpdateCarTestNotExisting()" classname="com.example.easywheelz.buisness.impl.car.UpdateCarUseCaseImplTest" time="0.002"/>
  <system-out><![CDATA[]]></system-out>
  <system-err><![CDATA[]]></system-err>
</testsuite>
