<?xml version="1.0" encoding="UTF-8"?>
<testsuite name="com.example.easywheelz.controller.StatisticsControllerTest" tests="3" skipped="0" failures="0" errors="0" timestamp="2023-06-14T13:58:08" hostname="DESKTOP-41OPBTP" time="0.024">
  <properties/>
  <testcase name="getIncomeStatByMonthTest()" classname="com.example.easywheelz.controller.StatisticsControllerTest" time="0.021"/>
  <testcase name="getCarStatisticsByBrandTest()" classname="com.example.easywheelz.controller.StatisticsControllerTest" time="0.001"/>
  <testcase name="getReservationStatisticsTest()" classname="com.example.easywheelz.controller.StatisticsControllerTest" time="0.001"/>
  <system-out><![CDATA[]]></system-out>
  <system-err><![CDATA[]]></system-err>
</testsuite>
