<?xml version="1.0" encoding="UTF-8"?>
<testsuite name="com.example.easywheelz.buisness.impl.CreateRoleUseCaseImplTest" tests="1" skipped="0" failures="0" errors="0" timestamp="2023-04-14T10:39:29" hostname="MARIOS_PC" time="0.288">
  <properties/>
  <testcase name="testCreateRole()" classname="com.example.easywheelz.buisness.impl.CreateRoleUseCaseImplTest" time="0.288"/>
  <system-out><![CDATA[]]></system-out>
  <system-err><![CDATA[]]></system-err>
</testsuite>
