<?xml version="1.0" encoding="UTF-8"?>
<testsuite name="com.example.easywheelz.controller.ReservationControllerTest" tests="9" skipped="0" failures="0" errors="0" timestamp="2023-06-14T13:41:01" hostname="DESKTOP-41OPBTP" time="0.045">
  <properties/>
  <testcase name="updateReservationWrongCredentialsTest()" classname="com.example.easywheelz.controller.ReservationControllerTest" time="0.029"/>
  <testcase name="GetAllReservationsTest()" classname="com.example.easywheelz.controller.ReservationControllerTest" time="0.004"/>
  <testcase name="GetReservationsTestNotExistingReservation()" classname="com.example.easywheelz.controller.ReservationControllerTest" time="0.002"/>
  <testcase name="deleteReservationTest()" classname="com.example.easywheelz.controller.ReservationControllerTest" time="0.001"/>
  <testcase name="createReservationTest()" classname="com.example.easywheelz.controller.ReservationControllerTest" time="0.001"/>
  <testcase name="updateReservationTest()" classname="com.example.easywheelz.controller.ReservationControllerTest" time="0.001"/>
  <testcase name="GetReservationTest()" classname="com.example.easywheelz.controller.ReservationControllerTest" time="0.001"/>
  <testcase name="GetAllReservationsTestEmpty()" classname="com.example.easywheelz.controller.ReservationControllerTest" time="0.001"/>
  <testcase name="createReservationTestWrongData()" classname="com.example.easywheelz.controller.ReservationControllerTest" time="0.002"/>
  <system-out><![CDATA[]]></system-out>
  <system-err><![CDATA[]]></system-err>
</testsuite>
