<?xml version="1.0" encoding="UTF-8"?>
<testsuite name="com.example.easywheelz.controller.RoleControllerTest" tests="2" skipped="0" failures="0" errors="0" timestamp="2023-06-14T13:58:08" hostname="DESKTOP-41OPBTP" time="0.011">
  <properties/>
  <testcase name="createRoleTest()" classname="com.example.easywheelz.controller.RoleControllerTest" time="0.009"/>
  <testcase name="createReservationTestWrongData()" classname="com.example.easywheelz.controller.RoleControllerTest" time="0.002"/>
  <system-out><![CDATA[]]></system-out>
  <system-err><![CDATA[]]></system-err>
</testsuite>
