<?xml version="1.0" encoding="UTF-8"?>
<testsuite name="com.example.easywheelz.buisness.impl.user.UpdateUserUseCaseImplTest" tests="1" skipped="0" failures="0" errors="0" timestamp="2023-04-18T17:18:42" hostname="MARIOS_PC" time="0.582">
  <properties/>
  <testcase name="UpdateUserTest()" classname="com.example.easywheelz.buisness.impl.user.UpdateUserUseCaseImplTest" time="0.582"/>
  <system-out><![CDATA[]]></system-out>
  <system-err><![CDATA[]]></system-err>
</testsuite>
