<?xml version="1.0" encoding="UTF-8"?>
<testsuite name="com.example.easywheelz.controller.LogInControllerTest" tests="2" skipped="0" failures="0" errors="0" timestamp="2023-06-13T11:49:07" hostname="DESKTOP-41OPBTP" time="0.01">
  <properties/>
  <testcase name="LoginIncorrectUser()" classname="com.example.easywheelz.controller.LogInControllerTest" time="0.008"/>
  <testcase name="Login()" classname="com.example.easywheelz.controller.LogInControllerTest" time="0.002"/>
  <system-out><![CDATA[]]></system-out>
  <system-err><![CDATA[]]></system-err>
</testsuite>
