<?xml version="1.0" encoding="UTF-8"?>
<testsuite name="com.example.easywheelz.buisness.impl.userImpl.CreateUserUseCaseImplTest" tests="2" skipped="0" failures="0" errors="0" timestamp="2023-03-19T15:15:25" hostname="MARIOS_PC" time="0.193">
  <properties/>
  <testcase name="testCreateUser()" classname="com.example.easywheelz.buisness.impl.userImpl.CreateUserUseCaseImplTest" time="0.191"/>
  <testcase name="testCreateUserWithNonexistentRole()" classname="com.example.easywheelz.buisness.impl.userImpl.CreateUserUseCaseImplTest" time="0.002"/>
  <system-out><![CDATA[16:15:24.632 [Test worker] DEBUG org.springframework.boot.test.context.SpringBootTestContextBootstrapper - Neither @ContextConfiguration nor @ContextHierarchy found for test class [CreateUserUseCaseImplTest]: using SpringBootContextLoader
16:15:24.635 [Test worker] DEBUG org.springframework.test.context.support.AbstractContextLoader - Could not detect default resource locations for test class [com.example.easywheelz.buisness.impl.userImpl.CreateUserUseCaseImplTest]: no resource found for suffixes {-context.xml, Context.groovy}.
16:15:24.635 [Test worker] INFO org.springframework.test.context.support.AnnotationConfigContextLoaderUtils - Could not detect default configuration classes for test class [com.example.easywheelz.buisness.impl.userImpl.CreateUserUseCaseImplTest]: CreateUserUseCaseImplTest does not declare any static, non-private, non-final, nested classes annotated with @Configuration.
16:15:24.646 [Test worker] DEBUG org.springframework.boot.test.context.SpringBootTestContextBootstrapper - Using ContextCustomizers for test class [CreateUserUseCaseImplTest]: [DisableObservabilityContextCustomizer, PropertyMappingContextCustomizer, Customizer, ExcludeFilterContextCustomizer, DuplicateJsonObjectContextCustomizer, MockitoContextCustomizer, TestRestTemplateContextCustomizer]
16:15:24.700 [Test worker] DEBUG org.springframework.context.annotation.ClassPathScanningCandidateComponentProvider - Identified candidate component class: file [E:\project\easywheels\build\classes\java\main\com\example\easywheelz\EasyWheelzApplication.class]
16:15:24.701 [Test worker] INFO org.springframework.boot.test.context.SpringBootTestContextBootstrapper - Found @SpringBootConfiguration com.example.easywheelz.EasyWheelzApplication for test class com.example.easywheelz.buisness.impl.userImpl.CreateUserUseCaseImplTest
16:15:24.753 [Test worker] DEBUG org.springframework.test.context.util.TestContextSpringFactoriesUtils - Skipping candidate TestExecutionListener [org.springframework.test.context.transaction.TransactionalTestExecutionListener] due to a missing dependency. Specify custom TestExecutionListener classes or make the default TestExecutionListener classes and their required dependencies available. Offending class: [org/springframework/transaction/interceptor/TransactionAttributeSource]
16:15:24.754 [Test worker] DEBUG org.springframework.test.context.util.TestContextSpringFactoriesUtils - Skipping candidate TestExecutionListener [org.springframework.test.context.jdbc.SqlScriptsTestExecutionListener] due to a missing dependency. Specify custom TestExecutionListener classes or make the default TestExecutionListener classes and their required dependencies available. Offending class: [org/springframework/transaction/interceptor/TransactionAttribute]
16:15:24.755 [Test worker] DEBUG org.springframework.boot.test.context.SpringBootTestContextBootstrapper - Using TestExecutionListeners for test class [CreateUserUseCaseImplTest]: [ServletTestExecutionListener, DirtiesContextBeforeModesTestExecutionListener, ApplicationEventsTestExecutionListener, MockitoTestExecutionListener, DependencyInjectionTestExecutionListener, DirtiesContextTestExecutionListener, EventPublishingTestExecutionListener, RestDocsTestExecutionListener, MockRestServiceServerResetTestExecutionListener, MockMvcPrintOnlyOnFailureTestExecutionListener, WebDriverTestExecutionListener, MockWebServiceServerTestExecutionListener, ResetMocksTestExecutionListener]
16:15:24.756 [Test worker] DEBUG org.springframework.test.context.support.AbstractDirtiesContextTestExecutionListener - Before test class: class [CreateUserUseCaseImplTest], class annotated with @DirtiesContext [false] with mode [null]

  .   ____          _            __ _ _
 /\\ / ___'_ __ _ _(_)_ __  __ _ \ \ \ \
( ( )\___ | '_ | '_| | '_ \/ _` | \ \ \ \
 \\/  ___)| |_)| | | | | || (_| |  ) ) ) )
  '  |____| .__|_| |_|_| |_\__, | / / / /
 =========|_|==============|___/=/_/_/_/
 :: Spring Boot ::                (v3.0.3)

2023-03-19T16:15:24.881+01:00  INFO 8116 --- [    Test worker] c.e.e.b.i.u.CreateUserUseCaseImplTest    : Starting CreateUserUseCaseImplTest using Java 17.0.6 with PID 8116 (started by mario in E:\project\easywheels)
2023-03-19T16:15:24.882+01:00  INFO 8116 --- [    Test worker] c.e.e.b.i.u.CreateUserUseCaseImplTest    : No active profile set, falling back to 1 default profile: "default"
2023-03-19T16:15:25.496+01:00  INFO 8116 --- [    Test worker] c.e.e.b.i.u.CreateUserUseCaseImplTest    : Started CreateUserUseCaseImplTest in 0.717 seconds (process running for 1.572)
]]></system-out>
  <system-err><![CDATA[]]></system-err>
</testsuite>
