<?xml version="1.0" encoding="UTF-8"?>
<testsuite name="com.example.easywheelz.buisness.impl.userImpl.DeleteUserUseCaseImplTest" tests="1" skipped="0" failures="0" errors="0" timestamp="2023-03-19T15:05:51" hostname="MARIOS_PC" time="0.181">
  <properties/>
  <testcase name="testDeleteUserByNonExistentId()" classname="com.example.easywheelz.buisness.impl.userImpl.DeleteUserUseCaseImplTest" time="0.181"/>
  <system-out><![CDATA[16:05:50.385 [Test worker] DEBUG org.springframework.boot.test.context.SpringBootTestContextBootstrapper - Neither @ContextConfiguration nor @ContextHierarchy found for test class [DeleteUserUseCaseImplTest]: using SpringBootContextLoader
16:05:50.389 [Test worker] DEBUG org.springframework.test.context.support.AbstractContextLoader - Could not detect default resource locations for test class [com.example.easywheelz.buisness.impl.userImpl.DeleteUserUseCaseImplTest]: no resource found for suffixes {-context.xml, Context.groovy}.
16:05:50.389 [Test worker] INFO org.springframework.test.context.support.AnnotationConfigContextLoaderUtils - Could not detect default configuration classes for test class [com.example.easywheelz.buisness.impl.userImpl.DeleteUserUseCaseImplTest]: DeleteUserUseCaseImplTest does not declare any static, non-private, non-final, nested classes annotated with @Configuration.
16:05:50.400 [Test worker] DEBUG org.springframework.boot.test.context.SpringBootTestContextBootstrapper - Using ContextCustomizers for test class [DeleteUserUseCaseImplTest]: [DisableObservabilityContextCustomizer, PropertyMappingContextCustomizer, Customizer, ExcludeFilterContextCustomizer, DuplicateJsonObjectContextCustomizer, MockitoContextCustomizer, TestRestTemplateContextCustomizer]
16:05:50.444 [Test worker] DEBUG org.springframework.context.annotation.ClassPathScanningCandidateComponentProvider - Identified candidate component class: file [E:\project\easywheels\build\classes\java\main\com\example\easywheelz\EasyWheelzApplication.class]
16:05:50.445 [Test worker] INFO org.springframework.boot.test.context.SpringBootTestContextBootstrapper - Found @SpringBootConfiguration com.example.easywheelz.EasyWheelzApplication for test class com.example.easywheelz.buisness.impl.userImpl.DeleteUserUseCaseImplTest
16:05:50.499 [Test worker] DEBUG org.springframework.test.context.util.TestContextSpringFactoriesUtils - Skipping candidate TestExecutionListener [org.springframework.test.context.transaction.TransactionalTestExecutionListener] due to a missing dependency. Specify custom TestExecutionListener classes or make the default TestExecutionListener classes and their required dependencies available. Offending class: [org/springframework/transaction/interceptor/TransactionAttributeSource]
16:05:50.500 [Test worker] DEBUG org.springframework.test.context.util.TestContextSpringFactoriesUtils - Skipping candidate TestExecutionListener [org.springframework.test.context.jdbc.SqlScriptsTestExecutionListener] due to a missing dependency. Specify custom TestExecutionListener classes or make the default TestExecutionListener classes and their required dependencies available. Offending class: [org/springframework/transaction/interceptor/TransactionAttribute]
16:05:50.501 [Test worker] DEBUG org.springframework.boot.test.context.SpringBootTestContextBootstrapper - Using TestExecutionListeners for test class [DeleteUserUseCaseImplTest]: [ServletTestExecutionListener, DirtiesContextBeforeModesTestExecutionListener, ApplicationEventsTestExecutionListener, MockitoTestExecutionListener, DependencyInjectionTestExecutionListener, DirtiesContextTestExecutionListener, EventPublishingTestExecutionListener, RestDocsTestExecutionListener, MockRestServiceServerResetTestExecutionListener, MockMvcPrintOnlyOnFailureTestExecutionListener, WebDriverTestExecutionListener, MockWebServiceServerTestExecutionListener, ResetMocksTestExecutionListener]
16:05:50.502 [Test worker] DEBUG org.springframework.test.context.support.AbstractDirtiesContextTestExecutionListener - Before test class: class [DeleteUserUseCaseImplTest], class annotated with @DirtiesContext [false] with mode [null]

  .   ____          _            __ _ _
 /\\ / ___'_ __ _ _(_)_ __  __ _ \ \ \ \
( ( )\___ | '_ | '_| | '_ \/ _` | \ \ \ \
 \\/  ___)| |_)| | | | | || (_| |  ) ) ) )
  '  |____| .__|_| |_|_| |_\__, | / / / /
 =========|_|==============|___/=/_/_/_/
 :: Spring Boot ::                (v3.0.3)

2023-03-19T16:05:50.625+01:00  INFO 6548 --- [    Test worker] c.e.e.b.i.u.DeleteUserUseCaseImplTest    : Starting DeleteUserUseCaseImplTest using Java 17.0.6 with PID 6548 (started by mario in E:\project\easywheels)
2023-03-19T16:05:50.626+01:00  INFO 6548 --- [    Test worker] c.e.e.b.i.u.DeleteUserUseCaseImplTest    : No active profile set, falling back to 1 default profile: "default"
2023-03-19T16:05:51.241+01:00  INFO 6548 --- [    Test worker] c.e.e.b.i.u.DeleteUserUseCaseImplTest    : Started DeleteUserUseCaseImplTest in 0.716 seconds (process running for 1.283)
]]></system-out>
  <system-err><![CDATA[]]></system-err>
</testsuite>
