<?xml version="1.0" encoding="UTF-8"?>
<testsuite name="com.example.easywheelz.buisness.impl.reservation.CreateReservationUseCaseImplTest" tests="3" skipped="0" failures="0" errors="0" timestamp="2023-06-14T13:58:07" hostname="DESKTOP-41OPBTP" time="0.082">
  <properties/>
  <testcase name="CreateReservationTestNoCar()" classname="com.example.easywheelz.buisness.impl.reservation.CreateReservationUseCaseImplTest" time="0.076"/>
  <testcase name="CreateReservationTestNoUser()" classname="com.example.easywheelz.buisness.impl.reservation.CreateReservationUseCaseImplTest" time="0.001"/>
  <testcase name="CreateReservationTest()" classname="com.example.easywheelz.buisness.impl.reservation.CreateReservationUseCaseImplTest" time="0.003"/>
  <system-out><![CDATA[]]></system-out>
  <system-err><![CDATA[]]></system-err>
</testsuite>
