<?xml version="1.0" encoding="UTF-8"?>
<testsuite name="com.example.easywheelz.buisness.impl.car.GetCarUseCaseImplTest" tests="1" skipped="0" failures="0" errors="0" timestamp="2023-06-14T12:47:57" hostname="DESKTOP-41OPBTP" time="1.211">
  <properties/>
  <testcase name="testGetNonExistingCar()" classname="com.example.easywheelz.buisness.impl.car.GetCarUseCaseImplTest" time="1.211"/>
  <system-out><![CDATA[]]></system-out>
  <system-err><![CDATA[]]></system-err>
</testsuite>
