<?xml version="1.0" encoding="UTF-8"?>
<testsuite name="com.example.easywheelz.controller.RoleControllerTest" tests="2" skipped="0" failures="0" errors="0" timestamp="2023-06-14T13:41:01" hostname="DESKTOP-41OPBTP" time="0.009">
  <properties/>
  <testcase name="createRoleTest()" classname="com.example.easywheelz.controller.RoleControllerTest" time="0.007"/>
  <testcase name="createReservationTestWrongData()" classname="com.example.easywheelz.controller.RoleControllerTest" time="0.001"/>
  <system-out><![CDATA[]]></system-out>
  <system-err><![CDATA[]]></system-err>
</testsuite>
