<?xml version="1.0" encoding="UTF-8"?>
<testsuite name="com.example.easywheelz.buisness.impl.role.CreateRoleUseCaseImplTest" tests="3" skipped="0" failures="0" errors="0" timestamp="2023-06-14T13:58:08" hostname="DESKTOP-41OPBTP" time="0.052">
  <properties/>
  <testcase name="testCreateRoleExisting()" classname="com.example.easywheelz.buisness.impl.role.CreateRoleUseCaseImplTest" time="0.047"/>
  <testcase name="testCreateRole()" classname="com.example.easywheelz.buisness.impl.role.CreateRoleUseCaseImplTest" time="0.003"/>
  <testcase name="testCreateRole_NullRequest()" classname="com.example.easywheelz.buisness.impl.role.CreateRoleUseCaseImplTest" time="0.001"/>
  <system-out><![CDATA[]]></system-out>
  <system-err><![CDATA[]]></system-err>
</testsuite>
