<?xml version="1.0" encoding="UTF-8"?>
<testsuite name="com.example.easywheelz.persistance.FileRepositoryImplTest" tests="1" skipped="0" failures="0" errors="0" timestamp="2023-05-08T18:09:28" hostname="MARIOS_PC" time="0.51">
  <properties/>
  <testcase name="uploadPicture()" classname="com.example.easywheelz.persistance.FileRepositoryImplTest" time="0.51"/>
  <system-out><![CDATA[]]></system-out>
  <system-err><![CDATA[]]></system-err>
</testsuite>
