<?xml version="1.0" encoding="UTF-8"?>
<testsuite name="com.example.easywheelz.controller.StatisticsControllerTest" tests="1" skipped="0" failures="0" errors="0" timestamp="2023-05-31T18:00:46" hostname="MARIOS_PC" time="0.7">
  <properties/>
  <testcase name="getReservationStatisticsTest()" classname="com.example.easywheelz.controller.StatisticsControllerTest" time="0.7"/>
  <system-out><![CDATA[]]></system-out>
  <system-err><![CDATA[]]></system-err>
</testsuite>
