<?xml version="1.0" encoding="UTF-8"?>
<testsuite name="com.example.easywheelz.buisness.impl.reservation.CreateReservationUseCaseImplTest" tests="1" skipped="0" failures="0" errors="0" timestamp="2023-05-22T09:00:43" hostname="DESKTOP-41OPBTP" time="1.136">
  <properties/>
  <testcase name="CreateReservationTest()" classname="com.example.easywheelz.buisness.impl.reservation.CreateReservationUseCaseImplTest" time="1.136"/>
  <system-out><![CDATA[]]></system-out>
  <system-err><![CDATA[]]></system-err>
</testsuite>
