<?xml version="1.0" encoding="UTF-8"?>
<testsuite name="com.example.easywheelz.buisness.impl.role.DeleteRoleUseCaseImpTest" tests="2" skipped="0" failures="0" errors="0" timestamp="2023-06-14T12:49:40" hostname="DESKTOP-41OPBTP" time="0.003">
  <properties/>
  <testcase name="DeleteRoleTest()" classname="com.example.easywheelz.buisness.impl.role.DeleteRoleUseCaseImpTest" time="0.001"/>
  <testcase name="DeleteRoleTestNotExisting()" classname="com.example.easywheelz.buisness.impl.role.DeleteRoleUseCaseImpTest" time="0.001"/>
  <system-out><![CDATA[]]></system-out>
  <system-err><![CDATA[]]></system-err>
</testsuite>
