<?xml version="1.0" encoding="UTF-8"?>
<testsuite name="com.example.easywheelz.buisness.impl.user.LogInUseCaseImplTest" tests="1" skipped="0" failures="0" errors="0" timestamp="2023-06-06T12:48:19" hostname="MARIOS_PC" time="0.553">
  <properties/>
  <testcase name="loginTestIncorrectPassword()" classname="com.example.easywheelz.buisness.impl.user.LogInUseCaseImplTest" time="0.553"/>
  <system-out><![CDATA[]]></system-out>
  <system-err><![CDATA[]]></system-err>
</testsuite>
