<?xml version="1.0" encoding="UTF-8"?>
<testsuite name="com.example.easywheelz.buisness.impl.user.GetUsersUseCaseImplTest" tests="1" skipped="0" failures="0" errors="0" timestamp="2023-05-08T13:13:43" hostname="MARIOS_PC" time="0.557">
  <properties/>
  <testcase name="testGetNonExistantUser()" classname="com.example.easywheelz.buisness.impl.user.GetUsersUseCaseImplTest" time="0.557"/>
  <system-out><![CDATA[]]></system-out>
  <system-err><![CDATA[]]></system-err>
</testsuite>
