<?xml version="1.0" encoding="UTF-8"?>
<testsuite name="com.example.easywheelz.controller.UserControllerTest" tests="8" skipped="0" failures="0" errors="0" timestamp="2023-05-08T12:48:30" hostname="MARIOS_PC" time="0.517">
  <properties/>
  <testcase name="deleteUserTestNotExisting()" classname="com.example.easywheelz.controller.UserControllerTest" time="0.471"/>
  <testcase name="GetAllUsersTesEmpty()" classname="com.example.easywheelz.controller.UserControllerTest" time="0.029"/>
  <testcase name="updateUserTest()" classname="com.example.easywheelz.controller.UserControllerTest" time="0.003"/>
  <testcase name="createUserTest()" classname="com.example.easywheelz.controller.UserControllerTest" time="0.003"/>
  <testcase name="updateUserWrongCredentialsTest()" classname="com.example.easywheelz.controller.UserControllerTest" time="0.002"/>
  <testcase name="createUserTestWrongData()" classname="com.example.easywheelz.controller.UserControllerTest" time="0.001"/>
  <testcase name="deleteUserTest()" classname="com.example.easywheelz.controller.UserControllerTest" time="0.001"/>
  <testcase name="GetAllUsersTest()" classname="com.example.easywheelz.controller.UserControllerTest" time="0.002"/>
  <system-out><![CDATA[]]></system-out>
  <system-err><![CDATA[]]></system-err>
</testsuite>
