<?xml version="1.0" encoding="UTF-8"?>
<testsuite name="com.example.easywheelz.controller.CarControllerTest" tests="9" skipped="0" failures="0" errors="0" timestamp="2023-04-18T12:28:48" hostname="MARIOS_PC" time="0.504">
  <properties/>
  <testcase name="deleteUserTestNotExisting()" classname="com.example.easywheelz.controller.CarControllerTest" time="0.463"/>
  <testcase name="createCarTest()" classname="com.example.easywheelz.controller.CarControllerTest" time="0.023"/>
  <testcase name="GetUserTest()" classname="com.example.easywheelz.controller.CarControllerTest" time="0.002"/>
  <testcase name="GetUserTestNotExistingUser()" classname="com.example.easywheelz.controller.CarControllerTest" time="0.002"/>
  <testcase name="updateUserTest()" classname="com.example.easywheelz.controller.CarControllerTest" time="0.002"/>
  <testcase name="updateUserWrongCredentialsTest()" classname="com.example.easywheelz.controller.CarControllerTest" time="0.002"/>
  <testcase name="createUserTestWrongData()" classname="com.example.easywheelz.controller.CarControllerTest" time="0.002"/>
  <testcase name="deleteUserTest()" classname="com.example.easywheelz.controller.CarControllerTest" time="0.001"/>
  <testcase name="GetAllUsersTest()" classname="com.example.easywheelz.controller.CarControllerTest" time="0.001"/>
  <system-out><![CDATA[]]></system-out>
  <system-err><![CDATA[]]></system-err>
</testsuite>
