<?xml version="1.0" encoding="UTF-8"?>
<testsuite name="com.example.easywheelz.EasyWheelzApplicationTests" tests="1" skipped="0" failures="0" errors="0" timestamp="2023-03-09T12:54:05" hostname="MARIOS_PC" time="0.23">
  <properties/>
  <testcase name="contextLoads()" classname="com.example.easywheelz.EasyWheelzApplicationTests" time="0.23"/>
  <system-out><![CDATA[13:54:04.315 [Test worker] DEBUG org.springframework.boot.test.context.SpringBootTestContextBootstrapper - Neither @ContextConfiguration nor @ContextHierarchy found for test class [EasyWheelzApplicationTests]: using SpringBootContextLoader
13:54:04.318 [Test worker] DEBUG org.springframework.test.context.support.AbstractContextLoader - Could not detect default resource locations for test class [com.example.easywheelz.EasyWheelzApplicationTests]: no resource found for suffixes {-context.xml, Context.groovy}.
13:54:04.319 [Test worker] INFO org.springframework.test.context.support.AnnotationConfigContextLoaderUtils - Could not detect default configuration classes for test class [com.example.easywheelz.EasyWheelzApplicationTests]: EasyWheelzApplicationTests does not declare any static, non-private, non-final, nested classes annotated with @Configuration.
13:54:04.331 [Test worker] DEBUG org.springframework.boot.test.context.SpringBootTestContextBootstrapper - Using ContextCustomizers for test class [EasyWheelzApplicationTests]: [DisableObservabilityContextCustomizer, PropertyMappingContextCustomizer, Customizer, ExcludeFilterContextCustomizer, DuplicateJsonObjectContextCustomizer, MockitoContextCustomizer, TestRestTemplateContextCustomizer]
13:54:04.370 [Test worker] DEBUG org.springframework.context.annotation.ClassPathScanningCandidateComponentProvider - Identified candidate component class: file [E:\project\easywheels\build\classes\java\main\com\example\easywheelz\EasyWheelzApplication.class]
13:54:04.372 [Test worker] INFO org.springframework.boot.test.context.SpringBootTestContextBootstrapper - Found @SpringBootConfiguration com.example.easywheelz.EasyWheelzApplication for test class com.example.easywheelz.EasyWheelzApplicationTests
13:54:04.437 [Test worker] DEBUG org.springframework.test.context.util.TestContextSpringFactoriesUtils - Skipping candidate TestExecutionListener [org.springframework.test.context.transaction.TransactionalTestExecutionListener] due to a missing dependency. Specify custom TestExecutionListener classes or make the default TestExecutionListener classes and their required dependencies available. Offending class: [org/springframework/transaction/interceptor/TransactionAttributeSource]
13:54:04.439 [Test worker] DEBUG org.springframework.test.context.util.TestContextSpringFactoriesUtils - Skipping candidate TestExecutionListener [org.springframework.test.context.jdbc.SqlScriptsTestExecutionListener] due to a missing dependency. Specify custom TestExecutionListener classes or make the default TestExecutionListener classes and their required dependencies available. Offending class: [org/springframework/transaction/interceptor/TransactionAttribute]
13:54:04.440 [Test worker] DEBUG org.springframework.boot.test.context.SpringBootTestContextBootstrapper - Using TestExecutionListeners for test class [EasyWheelzApplicationTests]: [ServletTestExecutionListener, DirtiesContextBeforeModesTestExecutionListener, ApplicationEventsTestExecutionListener, MockitoTestExecutionListener, DependencyInjectionTestExecutionListener, DirtiesContextTestExecutionListener, EventPublishingTestExecutionListener, RestDocsTestExecutionListener, MockRestServiceServerResetTestExecutionListener, MockMvcPrintOnlyOnFailureTestExecutionListener, WebDriverTestExecutionListener, MockWebServiceServerTestExecutionListener, ResetMocksTestExecutionListener]
13:54:04.441 [Test worker] DEBUG org.springframework.test.context.support.AbstractDirtiesContextTestExecutionListener - Before test class: class [EasyWheelzApplicationTests], class annotated with @DirtiesContext [false] with mode [null]

  .   ____          _            __ _ _
 /\\ / ___'_ __ _ _(_)_ __  __ _ \ \ \ \
( ( )\___ | '_ | '_| | '_ \/ _` | \ \ \ \
 \\/  ___)| |_)| | | | | || (_| |  ) ) ) )
  '  |____| .__|_| |_|_| |_\__, | / / / /
 =========|_|==============|___/=/_/_/_/
 :: Spring Boot ::                (v3.0.3)

2023-03-09T13:54:04.585+01:00  INFO 2008 --- [    Test worker] c.e.e.EasyWheelzApplicationTests         : Starting EasyWheelzApplicationTests using Java 17.0.6 with PID 2008 (started by mario in E:\project\easywheels)
2023-03-09T13:54:04.586+01:00  INFO 2008 --- [    Test worker] c.e.e.EasyWheelzApplicationTests         : No active profile set, falling back to 1 default profile: "default"
2023-03-09T13:54:05.236+01:00  INFO 2008 --- [    Test worker] c.e.e.EasyWheelzApplicationTests         : Started EasyWheelzApplicationTests in 0.769 seconds (process running for 1.427)
]]></system-out>
  <system-err><![CDATA[]]></system-err>
</testsuite>
